Build started 22/03/2015 11:06:29.
     1>Project "C:\Users\Ratnajit\Documents\JM\lencod_vc10.vcxproj" on node 2 (Build target(s)).
     1>ClCompile:
         C:\Program Files (x86)\Microsoft Visual Studio 12.0\VC\bin\x86_amd64\CL.exe /c /Ilencod\inc /Ilcommon\inc /Zi /nologo /W3 /WX- /MP /Ox /Ob2 /D WIN32 /D DEBUG /D _CONSOLE /D _CRT_SECURE_NO_DEPRECATE /D _MBCS /GF /Gm- /EHsc /MT /GS /Gy /fp:fast /Zc:wchar_t /Zc:forScope /openmp- /Fo".\lencod\Release_x64_vc9/" /Fd".\lencod\Release_x64_vc9/vc120.pdb" /FR".\lencod\Release_x64_vc10\\" /Gd /TC /errorReport:prompt lcommon\src\blk_prediction.c lcommon\src\config_common.c lcommon\src\img_io.c lcommon\src\img_process.c lcommon\src\input.c lcommon\src\io_raw.c lcommon\src\io_tiff.c lcommon\src\mbuffer_common.c lcommon\src\memalloc.c lcommon\src\mv_prediction.c lcommon\src\nalucommon.c lcommon\src\parsetcommon.c lcommon\src\transform.c lcommon\src\win32.c lencod\src\annexb.c lencod\src\biariencode.c lencod\src\block.c lencod\src\cabac.c lencod\src\cconv_yuv2rgb.c lencod\src\configfile.c lencod\src\conformance.c lencod\src\context_ini.c lencod\src\errdo.c lencod\src\errdo_dist_mhyp.c lencod\src\explicit_gop.c lencod\src\explicit_seq.c lencod\src\filehandle.c lencod\src\fmo.c lencod\src\get_block_otf.c lencod\src\header.c lencod\src\image.c lencod\src\image_mp.c lencod\src\img_chroma.c lencod\src\img_distortion.c lencod\src\img_dist_ms_ssim.c lencod\src\img_dist_snr.c lencod\src\img_dist_ssim.c lencod\src\img_luma.c lencod\src\intra16x16.c lencod\src\intra4x4.c lencod\src\intra8x8.c lencod\src\intrarefresh.c lencod\src\intra_chroma.c lencod\src\lambda.c lencod\src\leaky_bucket.c lencod\src\lencod.c lencod\src\list_reorder.c lencod\src\lln_mc_prediction.c lencod\src\loopFilter.c lencod\src\loop_filter_mbaff.c lencod\src\loop_filter_normal.c lencod\src\macroblock.c lencod\src\macroblock_P444.c lencod\src\mbuffer.c lencod\src\mb_access.c lencod\src\mc_prediction.c lencod\src\mc_prediction_otf.c lencod\src\md_common.c lencod\src\md_distortion.c lencod\src\md_high.c lencod\src\md_highfast.c lencod\src\md_highloss.c lencod\src\md_low.c lencod\src\me_distortion.c lencod\src\me_distortion_otf.c lencod\src\me_epzs.c lencod\src\me_epzs_common.c lencod\src\me_epzs_int.c lencod\src\me_epzs_sub.c lencod\src\me_fullfast.c lencod\src\me_fullfast_otf.c lencod\src\me_fullsearch.c lencod\src\me_umhex.c lencod\src\me_umhexsmp.c lencod\src\mmco.c lencod\src\mode_decision.c lencod\src\mode_decision_P8x8.c lencod\src\mv_direct.c lencod\src\mv_search.c lencod\src\nal.c lencod\src\nalu.c lencod\src\output.c lencod\src\parset.c lencod\src\pred_struct.c lencod\src\quant4x4.c lencod\src\quant4x4_2step.c lencod\src\quant4x4_around.c lencod\src\quant4x4_normal.c lencod\src\quant4x4_trellis.c lencod\src\quant8x8.c lencod\src\quant8x8_around.c lencod\src\quant8x8_normal.c lencod\src\quant8x8_trellis.c lencod\src\quantChroma.c lencod\src\quantChroma_2step.c lencod\src\quantChroma_around.c lencod\src\quantChroma_normal.c lencod\src\quantChroma_trellis.c lencod\src\q_around.c lencod\src\q_matrix.c lencod\src\q_offsets.c lencod\src\ratectl.c lencod\src\rc_quadratic.c lencod\src\rdopt.c lencod\src\rdopt_coding_state.c lencod\src\rdoq.c lencod\src\rdoq_cabac.c lencod\src\rdoq_cavlc.c lencod\src\rdpicdecision.c lencod\src\rd_intra_jm.c lencod\src\rd_intra_jm444.c lencod\src\rd_intra_jm_low.c lencod\src\report.c lencod\src\rtp.c lencod\src\sei.c lencod\src\slice.c lencod\src\symbol.c lencod\src\transform8x8.c lencod\src\transform8x8_H444.c lencod\src\vlc.c lencod\src\weighted_prediction.c lencod\src\wp_lms.c lencod\src\wp_mciter.c lencod\src\wp_mcprec.c lencod\src\wp_periodic.c lencod\src\wp_random.c
         blk_prediction.c
         config_common.c
         img_io.c
         img_process.c
         input.c
         io_raw.c
         io_tiff.c
         mbuffer_common.c
         memalloc.c
         mv_prediction.c
         nalucommon.c
         parsetcommon.c
         transform.c
         win32.c
         annexb.c
         biariencode.c
         block.c
         cabac.c
         cconv_yuv2rgb.c
         configfile.c
         conformance.c
         context_ini.c
         errdo.c
         errdo_dist_mhyp.c
         explicit_gop.c
         explicit_seq.c
         filehandle.c
         fmo.c
         get_block_otf.c
         header.c
         image.c
         image_mp.c
         img_chroma.c
         img_distortion.c
         img_dist_ms_ssim.c
         img_dist_snr.c
         img_dist_ssim.c
         img_luma.c
         intra16x16.c
         intra4x4.c
         intra8x8.c
         intrarefresh.c
         intra_chroma.c
         lambda.c
         leaky_bucket.c
         lencod.c
         list_reorder.c
         lln_mc_prediction.c
         loopFilter.c
         loop_filter_mbaff.c
         loop_filter_normal.c
         macroblock.c
         macroblock_P444.c
         mbuffer.c
         mb_access.c
         mc_prediction.c
         mc_prediction_otf.c
         md_common.c
         md_distortion.c
         md_high.c
         md_highfast.c
         md_highloss.c
         md_low.c
         me_distortion.c
         me_distortion_otf.c
         me_epzs.c
         me_epzs_common.c
         me_epzs_int.c
         me_epzs_sub.c
         me_fullfast.c
         me_fullfast_otf.c
         me_fullsearch.c
         me_umhex.c
         me_umhexsmp.c
         mmco.c
         mode_decision.c
         mode_decision_P8x8.c
         mv_direct.c
         mv_search.c
         nal.c
         nalu.c
         output.c
         parset.c
         pred_struct.c
         quant4x4.c
         quant4x4_2step.c
         quant4x4_around.c
         quant4x4_normal.c
         quant4x4_trellis.c
         quant8x8.c
         quant8x8_around.c
         quant8x8_normal.c
         quant8x8_trellis.c
         quantChroma.c
         quantChroma_2step.c
         quantChroma_around.c
         quantChroma_normal.c
         quantChroma_trellis.c
         q_around.c
         q_matrix.c
         q_offsets.c
         ratectl.c
         rc_quadratic.c
         rdopt.c
         rdopt_coding_state.c
         rdoq.c
         rdoq_cabac.c
         rdoq_cavlc.c
         rdpicdecision.c
         rd_intra_jm.c
         rd_intra_jm444.c
         rd_intra_jm_low.c
         report.c
         rtp.c
         sei.c
         slice.c
         symbol.c
         transform8x8.c
         transform8x8_H444.c
         vlc.c
         weighted_prediction.c
         wp_lms.c
         wp_mciter.c
         wp_mcprec.c
         wp_periodic.c
         wp_random.c
       Link:
         C:\Program Files (x86)\Microsoft Visual Studio 12.0\VC\bin\x86_amd64\link.exe /ERRORREPORT:PROMPT /OUT:".\bin\lencod.exe" /INCREMENTAL:NO /NOLOGO Ws2_32.lib kernel32.lib user32.lib gdi32.lib winspool.lib comdlg32.lib advapi32.lib shell32.lib ole32.lib oleaut32.lib uuid.lib odbc32.lib odbccp32.lib /MANIFEST /MANIFESTUAC:"level='asInvoker' uiAccess='false'" /manifest:embed /DEBUG /PDB:".\lencod\Release_x64_vc9/lencod.pdb" /SUBSYSTEM:CONSOLE /TLBID:1 /DYNAMICBASE:NO /IMPLIB:".\bin\lencod.lib" /MACHINE:X64 /FIXED:NO .\lencod\Release_x64_vc9/blk_prediction.obj
         .\lencod\Release_x64_vc9/config_common.obj
         .\lencod\Release_x64_vc9/img_io.obj
         .\lencod\Release_x64_vc9/img_process.obj
         .\lencod\Release_x64_vc9/input.obj
         .\lencod\Release_x64_vc9/io_raw.obj
         .\lencod\Release_x64_vc9/io_tiff.obj
         .\lencod\Release_x64_vc9/mbuffer_common.obj
         .\lencod\Release_x64_vc9/memalloc.obj
         .\lencod\Release_x64_vc9/mv_prediction.obj
         .\lencod\Release_x64_vc9/nalucommon.obj
         .\lencod\Release_x64_vc9/parsetcommon.obj
         .\lencod\Release_x64_vc9/transform.obj
         .\lencod\Release_x64_vc9/win32.obj
         .\lencod\Release_x64_vc9/annexb.obj
         .\lencod\Release_x64_vc9/biariencode.obj
         .\lencod\Release_x64_vc9/block.obj
         .\lencod\Release_x64_vc9/cabac.obj
         .\lencod\Release_x64_vc9/cconv_yuv2rgb.obj
         .\lencod\Release_x64_vc9/configfile.obj
         .\lencod\Release_x64_vc9/conformance.obj
         .\lencod\Release_x64_vc9/context_ini.obj
         .\lencod\Release_x64_vc9/errdo.obj
         .\lencod\Release_x64_vc9/errdo_dist_mhyp.obj
         .\lencod\Release_x64_vc9/explicit_gop.obj
         .\lencod\Release_x64_vc9/explicit_seq.obj
         .\lencod\Release_x64_vc9/filehandle.obj
         .\lencod\Release_x64_vc9/fmo.obj
         .\lencod\Release_x64_vc9/get_block_otf.obj
         .\lencod\Release_x64_vc9/header.obj
         .\lencod\Release_x64_vc9/image.obj
         .\lencod\Release_x64_vc9/image_mp.obj
         .\lencod\Release_x64_vc9/img_chroma.obj
         .\lencod\Release_x64_vc9/img_distortion.obj
         .\lencod\Release_x64_vc9/img_dist_ms_ssim.obj
         .\lencod\Release_x64_vc9/img_dist_snr.obj
         .\lencod\Release_x64_vc9/img_dist_ssim.obj
         .\lencod\Release_x64_vc9/img_luma.obj
         .\lencod\Release_x64_vc9/intra16x16.obj
         .\lencod\Release_x64_vc9/intra4x4.obj
         .\lencod\Release_x64_vc9/intra8x8.obj
         .\lencod\Release_x64_vc9/intrarefresh.obj
         .\lencod\Release_x64_vc9/intra_chroma.obj
         .\lencod\Release_x64_vc9/lambda.obj
         .\lencod\Release_x64_vc9/leaky_bucket.obj
         .\lencod\Release_x64_vc9/lencod.obj
         .\lencod\Release_x64_vc9/list_reorder.obj
         .\lencod\Release_x64_vc9/lln_mc_prediction.obj
         .\lencod\Release_x64_vc9/loopFilter.obj
         .\lencod\Release_x64_vc9/loop_filter_mbaff.obj
         .\lencod\Release_x64_vc9/loop_filter_normal.obj
         .\lencod\Release_x64_vc9/macroblock.obj
         .\lencod\Release_x64_vc9/macroblock_P444.obj
         .\lencod\Release_x64_vc9/mbuffer.obj
         .\lencod\Release_x64_vc9/mb_access.obj
         .\lencod\Release_x64_vc9/mc_prediction.obj
         .\lencod\Release_x64_vc9/mc_prediction_otf.obj
         .\lencod\Release_x64_vc9/md_common.obj
         .\lencod\Release_x64_vc9/md_distortion.obj
         .\lencod\Release_x64_vc9/md_high.obj
         .\lencod\Release_x64_vc9/md_highfast.obj
         .\lencod\Release_x64_vc9/md_highloss.obj
         .\lencod\Release_x64_vc9/md_low.obj
         .\lencod\Release_x64_vc9/me_distortion.obj
         .\lencod\Release_x64_vc9/me_distortion_otf.obj
         .\lencod\Release_x64_vc9/me_epzs.obj
         .\lencod\Release_x64_vc9/me_epzs_common.obj
         .\lencod\Release_x64_vc9/me_epzs_int.obj
         .\lencod\Release_x64_vc9/me_epzs_sub.obj
         .\lencod\Release_x64_vc9/me_fullfast.obj
         .\lencod\Release_x64_vc9/me_fullfast_otf.obj
         .\lencod\Release_x64_vc9/me_fullsearch.obj
         .\lencod\Release_x64_vc9/me_umhex.obj
         .\lencod\Release_x64_vc9/me_umhexsmp.obj
         .\lencod\Release_x64_vc9/mmco.obj
         .\lencod\Release_x64_vc9/mode_decision.obj
         .\lencod\Release_x64_vc9/mode_decision_P8x8.obj
         .\lencod\Release_x64_vc9/mv_direct.obj
         .\lencod\Release_x64_vc9/mv_search.obj
         .\lencod\Release_x64_vc9/nal.obj
         .\lencod\Release_x64_vc9/nalu.obj
         .\lencod\Release_x64_vc9/output.obj
         .\lencod\Release_x64_vc9/parset.obj
         .\lencod\Release_x64_vc9/pred_struct.obj
         .\lencod\Release_x64_vc9/quant4x4.obj
         .\lencod\Release_x64_vc9/quant4x4_2step.obj
         .\lencod\Release_x64_vc9/quant4x4_around.obj
         .\lencod\Release_x64_vc9/quant4x4_normal.obj
         .\lencod\Release_x64_vc9/quant4x4_trellis.obj
         .\lencod\Release_x64_vc9/quant8x8.obj
         .\lencod\Release_x64_vc9/quant8x8_around.obj
         .\lencod\Release_x64_vc9/quant8x8_normal.obj
         .\lencod\Release_x64_vc9/quant8x8_trellis.obj
         .\lencod\Release_x64_vc9/quantChroma.obj
         .\lencod\Release_x64_vc9/quantChroma_2step.obj
         .\lencod\Release_x64_vc9/quantChroma_around.obj
         .\lencod\Release_x64_vc9/quantChroma_normal.obj
         .\lencod\Release_x64_vc9/quantChroma_trellis.obj
         .\lencod\Release_x64_vc9/q_around.obj
         .\lencod\Release_x64_vc9/q_matrix.obj
         .\lencod\Release_x64_vc9/q_offsets.obj
         .\lencod\Release_x64_vc9/ratectl.obj
         .\lencod\Release_x64_vc9/rc_quadratic.obj
         .\lencod\Release_x64_vc9/rdopt.obj
         .\lencod\Release_x64_vc9/rdopt_coding_state.obj
         .\lencod\Release_x64_vc9/rdoq.obj
         .\lencod\Release_x64_vc9/rdoq_cabac.obj
         .\lencod\Release_x64_vc9/rdoq_cavlc.obj
         .\lencod\Release_x64_vc9/rdpicdecision.obj
         .\lencod\Release_x64_vc9/rd_intra_jm.obj
         .\lencod\Release_x64_vc9/rd_intra_jm444.obj
         .\lencod\Release_x64_vc9/rd_intra_jm_low.obj
         .\lencod\Release_x64_vc9/report.obj
         .\lencod\Release_x64_vc9/rtp.obj
         .\lencod\Release_x64_vc9/sei.obj
         .\lencod\Release_x64_vc9/slice.obj
         .\lencod\Release_x64_vc9/symbol.obj
         .\lencod\Release_x64_vc9/transform8x8.obj
         .\lencod\Release_x64_vc9/transform8x8_H444.obj
         .\lencod\Release_x64_vc9/vlc.obj
         .\lencod\Release_x64_vc9/weighted_prediction.obj
         .\lencod\Release_x64_vc9/wp_lms.obj
         .\lencod\Release_x64_vc9/wp_mciter.obj
         .\lencod\Release_x64_vc9/wp_mcprec.obj
         .\lencod\Release_x64_vc9/wp_periodic.obj
         .\lencod\Release_x64_vc9/wp_random.obj
         lencod_vc10.vcxproj -> C:\Users\Ratnajit\Documents\JM\.\bin\lencod.exe
       BscMake:
         C:\Program Files (x86)\Microsoft Visual Studio 12.0\VC\bin\bscmake.exe /nologo /o".\bin\lencod.bsc" .\lencod\Release_x64_vc10\blk_prediction.sbr .\lencod\Release_x64_vc10\config_common.sbr .\lencod\Release_x64_vc10\img_io.sbr .\lencod\Release_x64_vc10\img_process.sbr .\lencod\Release_x64_vc10\input.sbr .\lencod\Release_x64_vc10\io_raw.sbr .\lencod\Release_x64_vc10\io_tiff.sbr .\lencod\Release_x64_vc10\mbuffer_common.sbr .\lencod\Release_x64_vc10\memalloc.sbr .\lencod\Release_x64_vc10\mv_prediction.sbr .\lencod\Release_x64_vc10\nalucommon.sbr .\lencod\Release_x64_vc10\parsetcommon.sbr .\lencod\Release_x64_vc10\transform.sbr .\lencod\Release_x64_vc10\win32.sbr .\lencod\Release_x64_vc10\annexb.sbr .\lencod\Release_x64_vc10\biariencode.sbr .\lencod\Release_x64_vc10\block.sbr .\lencod\Release_x64_vc10\cabac.sbr .\lencod\Release_x64_vc10\cconv_yuv2rgb.sbr .\lencod\Release_x64_vc10\configfile.sbr .\lencod\Release_x64_vc10\conformance.sbr .\lencod\Release_x64_vc10\context_ini.sbr .\lencod\Release_x64_vc10\errdo.sbr .\lencod\Release_x64_vc10\errdo_dist_mhyp.sbr .\lencod\Release_x64_vc10\explicit_gop.sbr .\lencod\Release_x64_vc10\explicit_seq.sbr .\lencod\Release_x64_vc10\filehandle.sbr .\lencod\Release_x64_vc10\fmo.sbr .\lencod\Release_x64_vc10\get_block_otf.sbr .\lencod\Release_x64_vc10\header.sbr .\lencod\Release_x64_vc10\image.sbr .\lencod\Release_x64_vc10\image_mp.sbr .\lencod\Release_x64_vc10\img_chroma.sbr .\lencod\Release_x64_vc10\img_distortion.sbr .\lencod\Release_x64_vc10\img_dist_ms_ssim.sbr .\lencod\Release_x64_vc10\img_dist_snr.sbr .\lencod\Release_x64_vc10\img_dist_ssim.sbr .\lencod\Release_x64_vc10\img_luma.sbr .\lencod\Release_x64_vc10\intra16x16.sbr .\lencod\Release_x64_vc10\intra4x4.sbr .\lencod\Release_x64_vc10\intra8x8.sbr .\lencod\Release_x64_vc10\intrarefresh.sbr .\lencod\Release_x64_vc10\intra_chroma.sbr .\lencod\Release_x64_vc10\lambda.sbr .\lencod\Release_x64_vc10\leaky_bucket.sbr .\lencod\Release_x64_vc10\lencod.sbr .\lencod\Release_x64_vc10\list_reorder.sbr .\lencod\Release_x64_vc10\lln_mc_prediction.sbr .\lencod\Release_x64_vc10\loopFilter.sbr .\lencod\Release_x64_vc10\loop_filter_mbaff.sbr .\lencod\Release_x64_vc10\loop_filter_normal.sbr .\lencod\Release_x64_vc10\macroblock.sbr .\lencod\Release_x64_vc10\macroblock_P444.sbr .\lencod\Release_x64_vc10\mbuffer.sbr .\lencod\Release_x64_vc10\mb_access.sbr .\lencod\Release_x64_vc10\mc_prediction.sbr .\lencod\Release_x64_vc10\mc_prediction_otf.sbr .\lencod\Release_x64_vc10\md_common.sbr .\lencod\Release_x64_vc10\md_distortion.sbr .\lencod\Release_x64_vc10\md_high.sbr .\lencod\Release_x64_vc10\md_highfast.sbr .\lencod\Release_x64_vc10\md_highloss.sbr .\lencod\Release_x64_vc10\md_low.sbr .\lencod\Release_x64_vc10\me_distortion.sbr .\lencod\Release_x64_vc10\me_distortion_otf.sbr .\lencod\Release_x64_vc10\me_epzs.sbr .\lencod\Release_x64_vc10\me_epzs_common.sbr .\lencod\Release_x64_vc10\me_epzs_int.sbr .\lencod\Release_x64_vc10\me_epzs_sub.sbr .\lencod\Release_x64_vc10\me_fullfast.sbr .\lencod\Release_x64_vc10\me_fullfast_otf.sbr .\lencod\Release_x64_vc10\me_fullsearch.sbr .\lencod\Release_x64_vc10\me_umhex.sbr .\lencod\Release_x64_vc10\me_umhexsmp.sbr .\lencod\Release_x64_vc10\mmco.sbr .\lencod\Release_x64_vc10\mode_decision.sbr .\lencod\Release_x64_vc10\mode_decision_P8x8.sbr .\lencod\Release_x64_vc10\mv_direct.sbr .\lencod\Release_x64_vc10\mv_search.sbr .\lencod\Release_x64_vc10\nal.sbr .\lencod\Release_x64_vc10\nalu.sbr .\lencod\Release_x64_vc10\output.sbr .\lencod\Release_x64_vc10\parset.sbr .\lencod\Release_x64_vc10\pred_struct.sbr .\lencod\Release_x64_vc10\quant4x4.sbr .\lencod\Release_x64_vc10\quant4x4_2step.sbr .\lencod\Release_x64_vc10\quant4x4_around.sbr .\lencod\Release_x64_vc10\quant4x4_normal.sbr .\lencod\Release_x64_vc10\quant4x4_trellis.sbr .\lencod\Release_x64_vc10\quant8x8.sbr .\lencod\Release_x64_vc10\quant8x8_around.sbr .\lencod\Release_x64_vc10\quant8x8_normal.sbr .\lencod\Release_x64_vc10\quant8x8_trellis.sbr .\lencod\Release_x64_vc10\quantChroma.sbr .\lencod\Release_x64_vc10\quantChroma_2step.sbr .\lencod\Release_x64_vc10\quantChroma_around.sbr .\lencod\Release_x64_vc10\quantChroma_normal.sbr .\lencod\Release_x64_vc10\quantChroma_trellis.sbr .\lencod\Release_x64_vc10\q_around.sbr .\lencod\Release_x64_vc10\q_matrix.sbr .\lencod\Release_x64_vc10\q_offsets.sbr .\lencod\Release_x64_vc10\ratectl.sbr .\lencod\Release_x64_vc10\rc_quadratic.sbr .\lencod\Release_x64_vc10\rdopt.sbr .\lencod\Release_x64_vc10\rdopt_coding_state.sbr .\lencod\Release_x64_vc10\rdoq.sbr .\lencod\Release_x64_vc10\rdoq_cabac.sbr .\lencod\Release_x64_vc10\rdoq_cavlc.sbr .\lencod\Release_x64_vc10\rdpicdecision.sbr .\lencod\Release_x64_vc10\rd_intra_jm.sbr .\lencod\Release_x64_vc10\rd_intra_jm444.sbr .\lencod\Release_x64_vc10\rd_intra_jm_low.sbr .\lencod\Release_x64_vc10\report.sbr .\lencod\Release_x64_vc10\rtp.sbr .\lencod\Release_x64_vc10\sei.sbr .\lencod\Release_x64_vc10\slice.sbr .\lencod\Release_x64_vc10\symbol.sbr .\lencod\Release_x64_vc10\transform8x8.sbr .\lencod\Release_x64_vc10\transform8x8_H444.sbr .\lencod\Release_x64_vc10\vlc.sbr .\lencod\Release_x64_vc10\weighted_prediction.sbr .\lencod\Release_x64_vc10\wp_lms.sbr .\lencod\Release_x64_vc10\wp_mciter.sbr .\lencod\Release_x64_vc10\wp_mcprec.sbr .\lencod\Release_x64_vc10\wp_periodic.sbr .\lencod\Release_x64_vc10\wp_random.sbr
     1>Done Building Project "C:\Users\Ratnajit\Documents\JM\lencod_vc10.vcxproj" (Build target(s)).

Build succeeded.

Time Elapsed 00:01:18.41
